/root/abl-booth-tool/backend/venv/bin/gunicorn:2
# -*- coding: utf-8 -*-
^

SyntaxError: Invalid or unexpected token
    at wrapSafe (node:internal/modules/cjs/loader:1464:18)
    at Module._compile (node:internal/modules/cjs/loader:1495:20)
    at Module._extensions..js (node:internal/modules/cjs/loader:1623:10)
    at Module.load (node:internal/modules/cjs/loader:1266:32)
    at Module._load (node:internal/modules/cjs/loader:1091:12)
    at Object.<anonymous> (/root/.nvm/versions/node/v22.20.0/lib/node_modules/pm2/lib/ProcessContainerFork.js:33:23)
    at Module._compile (node:internal/modules/cjs/loader:1521:14)
    at Module._extensions..js (node:internal/modules/cjs/loader:1623:10)
    at Module.load (node:internal/modules/cjs/loader:1266:32)
    at Module._load (node:internal/modules/cjs/loader:1091:12)
/root/abl-booth-tool/backend/venv/bin/gunicorn:2
# -*- coding: utf-8 -*-
^

SyntaxError: Invalid or unexpected token
    at wrapSafe (node:internal/modules/cjs/loader:1464:18)
    at Module._compile (node:internal/modules/cjs/loader:1495:20)
    at Module._extensions..js (node:internal/modules/cjs/loader:1623:10)
    at Module.load (node:internal/modules/cjs/loader:1266:32)
    at Module._load (node:internal/modules/cjs/loader:1091:12)
    at Object.<anonymous> (/root/.nvm/versions/node/v22.20.0/lib/node_modules/pm2/lib/ProcessContainerFork.js:33:23)
    at Module._compile (node:internal/modules/cjs/loader:1521:14)
    at Module._extensions..js (node:internal/modules/cjs/loader:1623:10)
    at Module.load (node:internal/modules/cjs/loader:1266:32)
    at Module._load (node:internal/modules/cjs/loader:1091:12)
/root/abl-booth-tool/backend/venv/bin/gunicorn:2
# -*- coding: utf-8 -*-
^

SyntaxError: Invalid or unexpected token
    at wrapSafe (node:internal/modules/cjs/loader:1464:18)
    at Module._compile (node:internal/modules/cjs/loader:1495:20)
    at Module._extensions..js (node:internal/modules/cjs/loader:1623:10)
    at Module.load (node:internal/modules/cjs/loader:1266:32)
    at Module._load (node:internal/modules/cjs/loader:1091:12)
    at Object.<anonymous> (/root/.nvm/versions/node/v22.20.0/lib/node_modules/pm2/lib/ProcessContainerFork.js:33:23)
    at Module._compile (node:internal/modules/cjs/loader:1521:14)
    at Module._extensions..js (node:internal/modules/cjs/loader:1623:10)
    at Module.load (node:internal/modules/cjs/loader:1266:32)
    at Module._load (node:internal/modules/cjs/loader:1091:12)
/root/abl-booth-tool/backend/venv/bin/gunicorn:2
# -*- coding: utf-8 -*-
^

SyntaxError: Invalid or unexpected token
    at wrapSafe (node:internal/modules/cjs/loader:1464:18)
    at Module._compile (node:internal/modules/cjs/loader:1495:20)
    at Module._extensions..js (node:internal/modules/cjs/loader:1623:10)
    at Module.load (node:internal/modules/cjs/loader:1266:32)
    at Module._load (node:internal/modules/cjs/loader:1091:12)
    at Object.<anonymous> (/root/.nvm/versions/node/v22.20.0/lib/node_modules/pm2/lib/ProcessContainerFork.js:33:23)
    at Module._compile (node:internal/modules/cjs/loader:1521:14)
    at Module._extensions..js (node:internal/modules/cjs/loader:1623:10)
    at Module.load (node:internal/modules/cjs/loader:1266:32)
    at Module._load (node:internal/modules/cjs/loader:1091:12)
/root/abl-booth-tool/backend/venv/bin/gunicorn:2
# -*- coding: utf-8 -*-
^

SyntaxError: Invalid or unexpected token
    at wrapSafe (node:internal/modules/cjs/loader:1464:18)
    at Module._compile (node:internal/modules/cjs/loader:1495:20)
    at Module._extensions..js (node:internal/modules/cjs/loader:1623:10)
    at Module.load (node:internal/modules/cjs/loader:1266:32)
    at Module._load (node:internal/modules/cjs/loader:1091:12)
    at Object.<anonymous> (/root/.nvm/versions/node/v22.20.0/lib/node_modules/pm2/lib/ProcessContainerFork.js:33:23)
    at Module._compile (node:internal/modules/cjs/loader:1521:14)
    at Module._extensions..js (node:internal/modules/cjs/loader:1623:10)
    at Module.load (node:internal/modules/cjs/loader:1266:32)
    at Module._load (node:internal/modules/cjs/loader:1091:12)
/root/abl-booth-tool/backend/venv/bin/gunicorn:2
# -*- coding: utf-8 -*-
^

SyntaxError: Invalid or unexpected token
    at wrapSafe (node:internal/modules/cjs/loader:1464:18)
    at Module._compile (node:internal/modules/cjs/loader:1495:20)
    at Module._extensions..js (node:internal/modules/cjs/loader:1623:10)
    at Module.load (node:internal/modules/cjs/loader:1266:32)
    at Module._load (node:internal/modules/cjs/loader:1091:12)
    at Object.<anonymous> (/root/.nvm/versions/node/v22.20.0/lib/node_modules/pm2/lib/ProcessContainerFork.js:33:23)
    at Module._compile (node:internal/modules/cjs/loader:1521:14)
    at Module._extensions..js (node:internal/modules/cjs/loader:1623:10)
    at Module.load (node:internal/modules/cjs/loader:1266:32)
    at Module._load (node:internal/modules/cjs/loader:1091:12)
/root/abl-booth-tool/backend/venv/bin/gunicorn:2
# -*- coding: utf-8 -*-
^

SyntaxError: Invalid or unexpected token
    at wrapSafe (node:internal/modules/cjs/loader:1464:18)
    at Module._compile (node:internal/modules/cjs/loader:1495:20)
    at Module._extensions..js (node:internal/modules/cjs/loader:1623:10)
    at Module.load (node:internal/modules/cjs/loader:1266:32)
    at Module._load (node:internal/modules/cjs/loader:1091:12)
    at Object.<anonymous> (/root/.nvm/versions/node/v22.20.0/lib/node_modules/pm2/lib/ProcessContainerFork.js:33:23)
    at Module._compile (node:internal/modules/cjs/loader:1521:14)
    at Module._extensions..js (node:internal/modules/cjs/loader:1623:10)
    at Module.load (node:internal/modules/cjs/loader:1266:32)
    at Module._load (node:internal/modules/cjs/loader:1091:12)
/root/abl-booth-tool/backend/venv/bin/gunicorn:2
# -*- coding: utf-8 -*-
^

SyntaxError: Invalid or unexpected token
    at wrapSafe (node:internal/modules/cjs/loader:1464:18)
    at Module._compile (node:internal/modules/cjs/loader:1495:20)
    at Module._extensions..js (node:internal/modules/cjs/loader:1623:10)
    at Module.load (node:internal/modules/cjs/loader:1266:32)
    at Module._load (node:internal/modules/cjs/loader:1091:12)
    at Object.<anonymous> (/root/.nvm/versions/node/v22.20.0/lib/node_modules/pm2/lib/ProcessContainerFork.js:33:23)
    at Module._compile (node:internal/modules/cjs/loader:1521:14)
    at Module._extensions..js (node:internal/modules/cjs/loader:1623:10)
    at Module.load (node:internal/modules/cjs/loader:1266:32)
    at Module._load (node:internal/modules/cjs/loader:1091:12)
/root/abl-booth-tool/backend/venv/bin/gunicorn:2
# -*- coding: utf-8 -*-
^

SyntaxError: Invalid or unexpected token
    at wrapSafe (node:internal/modules/cjs/loader:1464:18)
    at Module._compile (node:internal/modules/cjs/loader:1495:20)
    at Module._extensions..js (node:internal/modules/cjs/loader:1623:10)
    at Module.load (node:internal/modules/cjs/loader:1266:32)
    at Module._load (node:internal/modules/cjs/loader:1091:12)
    at Object.<anonymous> (/root/.nvm/versions/node/v22.20.0/lib/node_modules/pm2/lib/ProcessContainerFork.js:33:23)
    at Module._compile (node:internal/modules/cjs/loader:1521:14)
    at Module._extensions..js (node:internal/modules/cjs/loader:1623:10)
    at Module.load (node:internal/modules/cjs/loader:1266:32)
    at Module._load (node:internal/modules/cjs/loader:1091:12)
/root/abl-booth-tool/backend/venv/bin/gunicorn:2
# -*- coding: utf-8 -*-
^

SyntaxError: Invalid or unexpected token
    at wrapSafe (node:internal/modules/cjs/loader:1464:18)
    at Module._compile (node:internal/modules/cjs/loader:1495:20)
    at Module._extensions..js (node:internal/modules/cjs/loader:1623:10)
    at Module.load (node:internal/modules/cjs/loader:1266:32)
    at Module._load (node:internal/modules/cjs/loader:1091:12)
    at Object.<anonymous> (/root/.nvm/versions/node/v22.20.0/lib/node_modules/pm2/lib/ProcessContainerFork.js:33:23)
    at Module._compile (node:internal/modules/cjs/loader:1521:14)
    at Module._extensions..js (node:internal/modules/cjs/loader:1623:10)
    at Module.load (node:internal/modules/cjs/loader:1266:32)
    at Module._load (node:internal/modules/cjs/loader:1091:12)
/root/abl-booth-tool/backend/venv/bin/gunicorn:2
# -*- coding: utf-8 -*-
^

SyntaxError: Invalid or unexpected token
    at wrapSafe (node:internal/modules/cjs/loader:1464:18)
    at Module._compile (node:internal/modules/cjs/loader:1495:20)
    at Module._extensions..js (node:internal/modules/cjs/loader:1623:10)
    at Module.load (node:internal/modules/cjs/loader:1266:32)
    at Module._load (node:internal/modules/cjs/loader:1091:12)
    at Object.<anonymous> (/root/.nvm/versions/node/v22.20.0/lib/node_modules/pm2/lib/ProcessContainerFork.js:33:23)
    at Module._compile (node:internal/modules/cjs/loader:1521:14)
    at Module._extensions..js (node:internal/modules/cjs/loader:1623:10)
    at Module.load (node:internal/modules/cjs/loader:1266:32)
    at Module._load (node:internal/modules/cjs/loader:1091:12)
/root/abl-booth-tool/backend/venv/bin/gunicorn:2
# -*- coding: utf-8 -*-
^

SyntaxError: Invalid or unexpected token
    at wrapSafe (node:internal/modules/cjs/loader:1464:18)
    at Module._compile (node:internal/modules/cjs/loader:1495:20)
    at Module._extensions..js (node:internal/modules/cjs/loader:1623:10)
    at Module.load (node:internal/modules/cjs/loader:1266:32)
    at Module._load (node:internal/modules/cjs/loader:1091:12)
    at Object.<anonymous> (/root/.nvm/versions/node/v22.20.0/lib/node_modules/pm2/lib/ProcessContainerFork.js:33:23)
    at Module._compile (node:internal/modules/cjs/loader:1521:14)
    at Module._extensions..js (node:internal/modules/cjs/loader:1623:10)
    at Module.load (node:internal/modules/cjs/loader:1266:32)
    at Module._load (node:internal/modules/cjs/loader:1091:12)
/root/abl-booth-tool/backend/venv/bin/gunicorn:2
# -*- coding: utf-8 -*-
^

SyntaxError: Invalid or unexpected token
    at wrapSafe (node:internal/modules/cjs/loader:1464:18)
    at Module._compile (node:internal/modules/cjs/loader:1495:20)
    at Module._extensions..js (node:internal/modules/cjs/loader:1623:10)
    at Module.load (node:internal/modules/cjs/loader:1266:32)
    at Module._load (node:internal/modules/cjs/loader:1091:12)
    at Object.<anonymous> (/root/.nvm/versions/node/v22.20.0/lib/node_modules/pm2/lib/ProcessContainerFork.js:33:23)
    at Module._compile (node:internal/modules/cjs/loader:1521:14)
    at Module._extensions..js (node:internal/modules/cjs/loader:1623:10)
    at Module.load (node:internal/modules/cjs/loader:1266:32)
    at Module._load (node:internal/modules/cjs/loader:1091:12)
/root/abl-booth-tool/backend/venv/bin/gunicorn:2
# -*- coding: utf-8 -*-
^

SyntaxError: Invalid or unexpected token
    at wrapSafe (node:internal/modules/cjs/loader:1464:18)
    at Module._compile (node:internal/modules/cjs/loader:1495:20)
    at Module._extensions..js (node:internal/modules/cjs/loader:1623:10)
    at Module.load (node:internal/modules/cjs/loader:1266:32)
    at Module._load (node:internal/modules/cjs/loader:1091:12)
    at Object.<anonymous> (/root/.nvm/versions/node/v22.20.0/lib/node_modules/pm2/lib/ProcessContainerFork.js:33:23)
    at Module._compile (node:internal/modules/cjs/loader:1521:14)
    at Module._extensions..js (node:internal/modules/cjs/loader:1623:10)
    at Module.load (node:internal/modules/cjs/loader:1266:32)
    at Module._load (node:internal/modules/cjs/loader:1091:12)
/root/abl-booth-tool/backend/venv/bin/gunicorn:2
# -*- coding: utf-8 -*-
^

SyntaxError: Invalid or unexpected token
    at wrapSafe (node:internal/modules/cjs/loader:1464:18)
    at Module._compile (node:internal/modules/cjs/loader:1495:20)
    at Module._extensions..js (node:internal/modules/cjs/loader:1623:10)
    at Module.load (node:internal/modules/cjs/loader:1266:32)
    at Module._load (node:internal/modules/cjs/loader:1091:12)
    at Object.<anonymous> (/root/.nvm/versions/node/v22.20.0/lib/node_modules/pm2/lib/ProcessContainerFork.js:33:23)
    at Module._compile (node:internal/modules/cjs/loader:1521:14)
    at Module._extensions..js (node:internal/modules/cjs/loader:1623:10)
    at Module.load (node:internal/modules/cjs/loader:1266:32)
    at Module._load (node:internal/modules/cjs/loader:1091:12)
/root/abl-booth-tool/backend/venv/bin/gunicorn:2
# -*- coding: utf-8 -*-
^

SyntaxError: Invalid or unexpected token
    at wrapSafe (node:internal/modules/cjs/loader:1464:18)
    at Module._compile (node:internal/modules/cjs/loader:1495:20)
    at Module._extensions..js (node:internal/modules/cjs/loader:1623:10)
    at Module.load (node:internal/modules/cjs/loader:1266:32)
    at Module._load (node:internal/modules/cjs/loader:1091:12)
    at Object.<anonymous> (/root/.nvm/versions/node/v22.20.0/lib/node_modules/pm2/lib/ProcessContainerFork.js:33:23)
    at Module._compile (node:internal/modules/cjs/loader:1521:14)
    at Module._extensions..js (node:internal/modules/cjs/loader:1623:10)
    at Module.load (node:internal/modules/cjs/loader:1266:32)
    at Module._load (node:internal/modules/cjs/loader:1091:12)
[2025-09-28 22:48:26 +0800] [1428846] [INFO] Starting gunicorn 23.0.0
[2025-09-28 22:48:26 +0800] [1428846] [INFO] Listening at: unix:/root/abl-booth-tool/backend/run/abl-booth-tool.sock (1428846)
[2025-09-28 22:48:26 +0800] [1428846] [INFO] Using worker: sync
[2025-09-28 22:48:26 +0800] [1428848] [INFO] Booting worker with pid: 1428848
[2025-09-28 22:48:26 +0800] [1428849] [INFO] Booting worker with pid: 1428849
[2025-09-28 22:48:26 +0800] [1428850] [INFO] Booting worker with pid: 1428850
[2025-09-28 22:48:26,985] INFO in __init__: abl-booth-tool startup
[2025-09-28 22:48:27,215] INFO in __init__: abl-booth-tool startup
[2025-09-28 22:48:27,220] INFO in __init__: abl-booth-tool startup
[2025-10-01 17:32:15 +0800] [1428846] [INFO] Handling signal: int
[2025-10-01 17:32:15 +0800] [1428848] [INFO] Worker exiting (pid: 1428848)
[2025-10-01 17:32:16 +0800] [1428846] [INFO] Shutting down: Master
[2025-10-01 17:32:16 +0800] [1602815] [INFO] Starting gunicorn 21.2.0
[2025-10-01 17:32:16 +0800] [1602815] [INFO] Listening at: unix:/root/abl-booth-tool/backend/run/abl-booth-tool.sock (1602815)
[2025-10-01 17:32:16 +0800] [1602815] [INFO] Using worker: sync
[2025-10-01 17:32:16 +0800] [1602847] [INFO] Booting worker with pid: 1602847
[2025-10-01 17:32:16 +0800] [1602848] [INFO] Booting worker with pid: 1602848
[2025-10-01 17:32:16 +0800] [1602849] [INFO] Booting worker with pid: 1602849
[2025-10-01 17:32:17,557] INFO in __init__: abl-booth-tool startup
[2025-10-01 17:32:17,676] INFO in __init__: abl-booth-tool startup
[2025-10-01 17:32:17,878] INFO in __init__: abl-booth-tool startup
[2025-10-01 17:33:35 +0800] [1602815] [INFO] Handling signal: int
[2025-10-01 17:33:35 +0800] [1602847] [INFO] Worker exiting (pid: 1602847)
[2025-10-01 17:33:35 +0800] [1602849] [INFO] Worker exiting (pid: 1602849)
[2025-10-01 17:33:35 +0800] [1602848] [INFO] Worker exiting (pid: 1602848)
[2025-10-01 17:33:36 +0800] [1602815] [INFO] Shutting down: Master
[2025-10-01 17:33:36 +0800] [1603807] [INFO] Starting gunicorn 21.2.0
[2025-10-01 17:33:36 +0800] [1603807] [INFO] Listening at: unix:/root/abl-booth-tool/backend/run/abl-booth-tool.sock (1603807)
[2025-10-01 17:33:36 +0800] [1603807] [INFO] Using worker: sync
[2025-10-01 17:33:36 +0800] [1603839] [INFO] Booting worker with pid: 1603839
[2025-10-01 17:33:36 +0800] [1603840] [INFO] Booting worker with pid: 1603840
[2025-10-01 17:33:36 +0800] [1603841] [INFO] Booting worker with pid: 1603841
[2025-10-01 17:33:37,947] INFO in __init__: abl-booth-tool startup
[2025-10-01 17:33:38,063] INFO in __init__: abl-booth-tool startup
[2025-10-01 17:33:38,079] INFO in __init__: abl-booth-tool startup
[2025-10-01 18:28:14 +0800] [1603807] [INFO] Handling signal: int
[2025-10-01 18:28:14 +0800] [1603841] [INFO] Worker exiting (pid: 1603841)
[2025-10-01 18:28:14 +0800] [1603840] [INFO] Worker exiting (pid: 1603840)
[2025-10-01 18:28:14 +0800] [1603839] [INFO] Worker exiting (pid: 1603839)
[2025-10-01 18:28:15 +0800] [1603807] [INFO] Shutting down: Master
[2025-10-01 18:28:15 +0800] [1607291] [INFO] Starting gunicorn 21.2.0
[2025-10-01 18:28:15 +0800] [1607291] [INFO] Listening at: unix:/root/abl-booth-tool/backend/run/abl-booth-tool.sock (1607291)
[2025-10-01 18:28:15 +0800] [1607291] [INFO] Using worker: sync
[2025-10-01 18:28:15 +0800] [1607323] [INFO] Booting worker with pid: 1607323
[2025-10-01 18:28:15 +0800] [1607324] [INFO] Booting worker with pid: 1607324
[2025-10-01 18:28:15 +0800] [1607325] [INFO] Booting worker with pid: 1607325
[2025-10-01 18:28:16,622] INFO in __init__: abl-booth-tool startup
[2025-10-01 18:28:16,639] INFO in __init__: abl-booth-tool startup
[2025-10-01 18:28:16,710] INFO in __init__: abl-booth-tool startup
[2025-10-01 18:29:44 +0800] [1607291] [INFO] Handling signal: int
[2025-10-01 18:29:44 +0800] [1607325] [INFO] Worker exiting (pid: 1607325)
[2025-10-01 18:29:44 +0800] [1607324] [INFO] Worker exiting (pid: 1607324)
[2025-10-01 18:29:44 +0800] [1607323] [INFO] Worker exiting (pid: 1607323)
[2025-10-01 18:29:44 +0800] [1607291] [INFO] Shutting down: Master
[2025-10-01 18:29:45 +0800] [1608254] [INFO] Starting gunicorn 21.2.0
[2025-10-01 18:29:45 +0800] [1608254] [INFO] Listening at: unix:/root/abl-booth-tool/backend/run/abl-booth-tool.sock (1608254)
[2025-10-01 18:29:45 +0800] [1608254] [INFO] Using worker: sync
[2025-10-01 18:29:45 +0800] [1608286] [INFO] Booting worker with pid: 1608286
[2025-10-01 18:29:45 +0800] [1608287] [INFO] Booting worker with pid: 1608287
[2025-10-01 18:29:45 +0800] [1608288] [INFO] Booting worker with pid: 1608288
[2025-10-01 18:29:46,760] INFO in __init__: abl-booth-tool startup
[2025-10-01 18:29:46,768] INFO in __init__: abl-booth-tool startup
[2025-10-01 18:29:46,931] INFO in __init__: abl-booth-tool startup
[2025-10-08 23:40:55 +0800] [1608254] [INFO] Handling signal: int
[2025-10-08 23:40:55 +0800] [1608288] [INFO] Worker exiting (pid: 1608288)
[2025-10-08 23:40:55 +0800] [1608286] [INFO] Worker exiting (pid: 1608286)
[2025-10-08 23:40:55 +0800] [1608287] [INFO] Worker exiting (pid: 1608287)
[2025-10-08 23:40:56 +0800] [1608254] [INFO] Shutting down: Master
[2025-10-08 23:40:56 +0800] [2058981] [INFO] Starting gunicorn 21.2.0
[2025-10-08 23:40:56 +0800] [2058981] [INFO] Listening at: unix:/root/abl-booth-tool/backend/run/abl-booth-tool.sock (2058981)
[2025-10-08 23:40:56 +0800] [2058981] [INFO] Using worker: sync
[2025-10-08 23:40:56 +0800] [2059007] [INFO] Booting worker with pid: 2059007
[2025-10-08 23:40:56 +0800] [2059014] [INFO] Booting worker with pid: 2059014
[2025-10-08 23:40:56 +0800] [2059015] [INFO] Booting worker with pid: 2059015
[2025-10-08 23:40:58,387] INFO in __init__: abl-booth-tool startup
[2025-10-08 23:40:58,410] INFO in __init__: abl-booth-tool startup
[2025-10-08 23:40:58,524] INFO in __init__: abl-booth-tool startup
