DEBUG: Received data for update: ImmutableMultiDict([('product_code', 'QNT04'), ('name', '七夕坂秘封爱心挂件'), ('default_price', '20'), ('category', '七年藤')])
DEBUG: Received image file for update
DEBUG: Received data for update: ImmutableMultiDict([('product_code', 'QNT06'), ('name', '滴胶闪粉亚克力挂件蕾米款'), ('default_price', '15'), ('category', '七年藤')])
DEBUG: Received image file for update
DEBUG: Received data for update: ImmutableMultiDict([('product_code', 'QNT07'), ('name', '滴胶闪粉亚克力挂件芙兰款'), ('default_price', '15'), ('category', '七年藤')])
DEBUG: Received image file for update
DEBUG: Received data for update: ImmutableMultiDict([('product_code', 'QNT10'), ('name', '滴胶闪粉亚克力挂件魔理沙款'), ('default_price', '15'), ('category', '七年藤')])
DEBUG: Received image file for update
DEBUG: Received data for update: ImmutableMultiDict([('product_code', 'QNT15'), ('name', '闪砂防水贴纸包12枚入'), ('default_price', '15'), ('category', '七年藤')])
DEBUG: Received image file for update
DEBUG: Received data for update: ImmutableMultiDict([('product_code', 'QNT02'), ('name', '世界の向こうをのぞいてみよう'), ('default_price', '35'), ('category', '七年藤')])
DEBUG: Received image file for update
DEBUG: Received data for update: ImmutableMultiDict([('product_code', 'QNT08'), ('name', '滴胶闪粉亚克力挂件恋款'), ('default_price', '15'), ('category', '七年藤')])
DEBUG: Received image file for update
DEBUG: Received data for update: ImmutableMultiDict([('product_code', 'QNT09'), ('name', '滴胶闪粉亚克力挂件觉款'), ('default_price', '15'), ('category', '七年藤')])
DEBUG: Received image file for update
DEBUG: Received data for update: ImmutableMultiDict([('product_code', 'QNT14'), ('name', '爱心巧克力挂件+贴纸觉款'), ('default_price', '35'), ('category', '七年藤')])
DEBUG: Received image file for update
DEBUG: Received data for update: ImmutableMultiDict([('product_code', 'B01'), ('name', '梦违科学世纪20th合同志'), ('default_price', '35'), ('category', '漫画')])
DEBUG: Received data for update: ImmutableMultiDict([('product_code', 'QNT01'), ('name', '【新刊】Hifuu Dress-up Club'), ('default_price', '30'), ('category', '七年藤')])
DEBUG: Received image file for update
DEBUG: Received data for update: ImmutableMultiDict([('product_code', 'QNT03'), ('name', 'あの扉を開けたら'), ('default_price', '45'), ('category', '七年藤')])
DEBUG: Received image file for update
DEBUG: Received data for update: ImmutableMultiDict([('product_code', 'QNT05'), ('name', '秘封浮雕木饼干冰箱贴(圆)'), ('default_price', '20'), ('category', '七年藤')])
DEBUG: Received image file for update
DEBUG: Received data for update: ImmutableMultiDict([('product_code', 'QNT06'), ('name', '滴胶闪粉亚克力挂件蕾米款'), ('default_price', '15'), ('category', '七年藤')])
DEBUG: Received image file for update
DEBUG: Received data for update: ImmutableMultiDict([('product_code', 'QNT11'), ('name', '爱心巧克力挂件+贴纸蕾米款'), ('default_price', '35'), ('category', '七年藤')])
DEBUG: Received image file for update
DEBUG: Received data for update: ImmutableMultiDict([('product_code', 'QNT12'), ('name', '爱心巧克力挂件+贴纸芙兰款'), ('default_price', '35'), ('category', '七年藤')])
DEBUG: Received image file for update
DEBUG: Received data for update: ImmutableMultiDict([('product_code', 'QNT13'), ('name', '爱心巧克力挂件+贴纸恋款'), ('default_price', '35'), ('category', '七年藤')])
DEBUG: Received image file for update
DEBUG: Received data for update: ImmutableMultiDict([('product_code', 'K05'), ('name', '于是秘封就此前行'), ('default_price', '20'), ('category', '樱庭漫画')])
DEBUG: Received image file for update
